2022-08-04 12:44:59,243 - Get_prot - INFO - Starting program
2022-08-04 12:44:59,243 - Get_prot - INFO - Link read from command line -> http://bioinfo.dcc.ufmg.br/propedia/public/pdb/structures/complex/3hpj_F_D.pdb
2022-08-04 12:44:59,243 - Get_prot - INFO - The script will get the 3hpj_F_D protein
2022-08-04 12:44:59,243 - Get_prot - INFO - Creating directories
2022-08-04 12:44:59,693 - Get_prot - INFO - Saving topology files
2022-08-04 12:44:59,714 - Get_prot - INFO - Creating moved molecules
2022-08-04 12:44:59,715 - Get_prot - INFO - Ids used ['D/98', 'F/6']
2022-08-04 12:44:59,715 - Get_prot - INFO - Getting 8 molecules with distance 10
2022-08-04 12:44:59,751 - Get_prot - INFO - Saving Coarse-Grained molecules
2022-08-04 12:45:00,054 - Get_prot - INFO - Finished without errors.

2022-08-04 12:45:03,486 - Get_prot - INFO - Starting program
2022-08-04 12:45:03,486 - Get_prot - INFO - Link read from command line -> http://bioinfo.dcc.ufmg.br/propedia/public/pdb/structures/complex/1u38_B_A.pdb
2022-08-04 12:45:03,486 - Get_prot - INFO - The script will get the 1u38_B_A protein
2022-08-04 12:45:03,486 - Get_prot - INFO - Creating directories
2022-08-04 12:45:03,897 - Get_prot - INFO - Saving topology files
2022-08-04 12:45:03,909 - Get_prot - INFO - Creating moved molecules
2022-08-04 12:45:03,910 - Get_prot - INFO - Ids used ['A/33', 'B/-2']
2022-08-04 12:45:03,910 - Get_prot - INFO - Getting 8 molecules with distance 10
2022-08-04 12:45:03,926 - Get_prot - INFO - Saving Coarse-Grained molecules
2022-08-04 12:45:04,081 - Get_prot - INFO - Finished without errors.

2022-08-04 12:45:09,854 - Get_prot - INFO - Starting program
2022-08-04 12:45:09,855 - Get_prot - INFO - Link read from command line -> http://bioinfo.dcc.ufmg.br/propedia/public/pdb/structures/complex/4gw1_E_A.pdb
2022-08-04 12:45:09,855 - Get_prot - INFO - The script will get the 4gw1_E_A protein
2022-08-04 12:45:09,855 - Get_prot - INFO - Creating directories
2022-08-04 12:45:10,723 - Get_prot - INFO - Saving topology files
2022-08-04 12:45:10,742 - Get_prot - INFO - Creating moved molecules
2022-08-04 12:45:10,742 - Get_prot - INFO - Ids used ['E/9', 'A/84']
2022-08-04 12:45:10,742 - Get_prot - INFO - Getting 8 molecules with distance 10
2022-08-04 12:45:10,780 - Get_prot - INFO - Saving Coarse-Grained molecules
2022-08-04 12:45:11,012 - Get_prot - INFO - Finished without errors.

2022-08-26 09:17:23,202 - Get_prot - INFO - Starting program
2022-08-26 09:17:23,202 - Get_prot - INFO - Link read from command line -> http://bioinfo.dcc.ufmg.br/propedia/public/pdb/structures/complex/3hpj_F_D.pdb
2022-08-26 09:17:23,202 - Get_prot - INFO - The script will get the 3hpj_F_D protein
2022-08-26 09:17:23,203 - Get_prot - INFO - Creating directories
2022-08-26 09:17:37,815 - Get_prot - INFO - Saving topology files
2022-08-26 09:17:37,871 - Get_prot - INFO - Creating moved molecules
2022-08-26 09:17:37,872 - Get_prot - INFO - Ids used ['D/98', 'F/6']
2022-08-26 09:17:37,872 - Get_prot - INFO - Getting 8 molecules with distance 10
2022-08-26 09:17:37,913 - Get_prot - INFO - Saving Coarse-Grained molecules
2022-08-26 09:17:38,657 - Get_prot - INFO - Finished without errors.

2022-08-26 09:18:57,164 - Get_prot - INFO - Starting program
2022-08-26 09:18:57,165 - Get_prot - INFO - Link read from command line -> http://bioinfo.dcc.ufmg.br/propedia/public/pdb/structures/complex/1u38_B_A.pdb
2022-08-26 09:18:57,165 - Get_prot - INFO - The script will get the 1u38_B_A protein
2022-08-26 09:18:57,165 - Get_prot - INFO - Creating directories
2022-08-26 09:18:58,594 - Get_prot - INFO - Saving topology files
2022-08-26 09:18:58,632 - Get_prot - INFO - Creating moved molecules
2022-08-26 09:18:58,633 - Get_prot - INFO - Ids used ['A/33', 'B/-2']
2022-08-26 09:18:58,633 - Get_prot - INFO - Getting 8 molecules with distance 10
2022-08-26 09:18:58,661 - Get_prot - INFO - Saving Coarse-Grained molecules
2022-08-26 09:18:59,075 - Get_prot - INFO - Finished without errors.

2022-08-26 09:22:12,193 - Get_prot - INFO - Starting program
2022-08-26 09:22:12,193 - Get_prot - INFO - Link read from command line -> http://bioinfo.dcc.ufmg.br/propedia/public/pdb/structures/complex/1u38_B_A.pdb
2022-08-26 09:22:12,193 - Get_prot - INFO - The script will get the 1u38_B_A protein
2022-08-26 09:22:12,193 - Get_prot - INFO - Creating directories
2022-08-26 09:22:13,358 - Get_prot - INFO - Saving topology files
2022-08-26 09:22:13,371 - Get_prot - INFO - Creating moved molecules
2022-08-26 09:22:13,371 - Get_prot - INFO - Ids used ['A/33', 'B/-2']
2022-08-26 09:22:13,371 - Get_prot - INFO - Getting 8 molecules with distance 6
2022-08-26 09:22:13,392 - Get_prot - INFO - Saving Coarse-Grained molecules
2022-08-26 09:22:13,522 - Get_prot - INFO - Finished without errors.

2022-08-26 09:24:59,149 - Get_prot - INFO - Starting program
2022-08-26 09:24:59,149 - Get_prot - INFO - Link read from command line -> http://bioinfo.dcc.ufmg.br/propedia/public/pdb/structures/complex/3hpj_F_D.pdb
2022-08-26 09:24:59,149 - Get_prot - INFO - The script will get the 3hpj_F_D protein
2022-08-26 09:24:59,149 - Get_prot - INFO - Creating directories
2022-08-26 09:25:00,570 - Get_prot - INFO - Saving topology files
2022-08-26 09:25:00,601 - Get_prot - INFO - Creating moved molecules
2022-08-26 09:25:00,601 - Get_prot - INFO - Ids used ['D/98', 'F/6']
2022-08-26 09:25:00,602 - Get_prot - INFO - Getting 8 molecules with distance 6
2022-08-26 09:25:00,644 - Get_prot - INFO - Saving Coarse-Grained molecules
2022-08-26 09:25:00,876 - Get_prot - INFO - Finished without errors.

2022-08-26 09:25:36,998 - Get_prot - INFO - Starting program
2022-08-26 09:25:36,998 - Get_prot - INFO - Link read from command line -> http://bioinfo.dcc.ufmg.br/propedia/public/pdb/structures/complex/4gw1_E_A.pdb
2022-08-26 09:25:36,998 - Get_prot - INFO - The script will get the 4gw1_E_A protein
2022-08-26 09:25:36,998 - Get_prot - INFO - Creating directories
2022-08-26 09:25:38,738 - Get_prot - INFO - Saving topology files
2022-08-26 09:25:38,757 - Get_prot - INFO - Creating moved molecules
2022-08-26 09:25:38,757 - Get_prot - INFO - Ids used ['E/9', 'A/84']
2022-08-26 09:25:38,757 - Get_prot - INFO - Getting 8 molecules with distance 6
2022-08-26 09:25:38,785 - Get_prot - INFO - Saving Coarse-Grained molecules
2022-08-26 09:25:39,224 - Get_prot - INFO - Finished without errors.

2022-09-07 15:34:58,600 - Get_prot - INFO - Starting program
2022-09-07 15:34:58,600 - Get_prot - INFO - Link read from command line -> http://bioinfo.dcc.ufmg.br/propedia/public/pdb/structures/complex/3hpj_F_D.pdb
2022-09-07 15:34:58,600 - Get_prot - INFO - The script will get the 3hpj_F_D protein
2022-09-07 15:34:58,601 - Get_prot - INFO - Creating directories
2022-09-07 15:35:06,394 - Get_prot - INFO - Saving topology files
2022-09-07 15:35:06,460 - Get_prot - INFO - Creating moved molecules
2022-09-07 15:35:06,460 - Get_prot - INFO - Ids used ['D/98', 'F/6']
2022-09-07 15:35:06,460 - Get_prot - INFO - Getting 8 molecules with distance 6
2022-09-07 15:35:06,509 - Get_prot - INFO - Saving Coarse-Grained molecules
2022-09-07 15:35:07,363 - Get_prot - INFO - Finished without errors.

2022-09-07 15:36:27,661 - Get_prot - INFO - Starting program
2022-09-07 15:36:27,661 - Get_prot - INFO - Link read from command line -> http://bioinfo.dcc.ufmg.br/propedia/public/pdb/structures/complex/3hpj_F_D.pdb
2022-09-07 15:36:27,661 - Get_prot - INFO - The script will get the 3hpj_F_D protein
2022-09-07 15:36:27,661 - Get_prot - INFO - Creating directories
2022-09-07 15:36:27,666 - Get_prot - INFO - Downloading Molecule 3hpj_F_D
2022-09-07 15:36:30,122 - Get_prot - INFO - Saving topology files
2022-09-07 15:36:30,147 - Get_prot - INFO - Creating moved molecules
2022-09-07 15:36:30,147 - Get_prot - INFO - Ids used ['D/98', 'F/6']
2022-09-07 15:36:30,147 - Get_prot - INFO - Getting 8 molecules with distance 6
2022-09-07 15:36:30,208 - Get_prot - INFO - Saving Coarse-Grained molecules
2022-09-07 15:36:30,230 - Get_prot - ERROR - Program terminated with exception: [Errno 2] No such file or directory: '/shared/eloi/data/molecules/3hpj_F_D/CA/moved/3hpj_F_D_0.pdb'
Traceback (most recent call last):
  File "/shared/eloi/scripts/get_prot/get_prot.py", line 225, in main
    if args.move: mol.write(jp(base_path, f'{mol_name}/CA/moved/', mol_name + f'_{idx}.pdb'))
  File "/shared/eloi/anaconda3/envs/mol-prep/lib/python3.9/site-packages/moleculekit/molecule.py", line 1358, in write
    _WRITERS[ext](src, filename, **kwargs)
  File "/shared/eloi/anaconda3/envs/mol-prep/lib/python3.9/site-packages/moleculekit/writers.py", line 163, in PDBwrite
    fh = open(filename, "w", encoding="ascii")
FileNotFoundError: [Errno 2] No such file or directory: '/shared/eloi/data/molecules/3hpj_F_D/CA/moved/3hpj_F_D_0.pdb'
2022-09-07 15:38:25,036 - Get_prot - INFO - Starting program
2022-09-07 15:38:25,036 - Get_prot - INFO - Link read from command line -> http://bioinfo.dcc.ufmg.br/propedia/public/pdb/structures/complex/3hpj_F_D.pdb
2022-09-07 15:38:25,036 - Get_prot - INFO - The script will get the 3hpj_F_D protein
2022-09-07 15:38:25,036 - Get_prot - INFO - Creating directories
2022-09-07 15:38:26,362 - Get_prot - INFO - Saving topology files
2022-09-07 15:38:26,388 - Get_prot - INFO - Creating moved molecules
2022-09-07 15:38:26,388 - Get_prot - INFO - Ids used ['D/98', 'F/6']
2022-09-07 15:38:26,388 - Get_prot - INFO - Getting 8 molecules with distance 6
2022-09-07 15:38:26,425 - Get_prot - INFO - Saving Coarse-Grained molecules
2022-09-07 15:38:26,737 - Get_prot - INFO - Finished without errors.

2022-09-07 15:39:04,658 - Get_prot - INFO - Starting program
2022-09-07 15:39:04,659 - Get_prot - INFO - Link read from command line -> http://bioinfo.dcc.ufmg.br/propedia/public/pdb/structures/complex/1u38_B_A.pdb
2022-09-07 15:39:04,659 - Get_prot - INFO - The script will get the 1u38_B_A protein
2022-09-07 15:39:04,659 - Get_prot - INFO - Creating directories
2022-09-07 15:39:04,662 - Get_prot - INFO - Downloading Molecule 1u38_B_A
2022-09-07 15:39:06,324 - Get_prot - INFO - Saving topology files
2022-09-07 15:39:06,337 - Get_prot - INFO - Creating moved molecules
2022-09-07 15:39:06,337 - Get_prot - INFO - Ids used ['A/33', 'B/-2']
2022-09-07 15:39:06,337 - Get_prot - INFO - Getting 8 molecules with distance 6
2022-09-07 15:39:06,359 - Get_prot - INFO - Saving Coarse-Grained molecules
2022-09-07 15:39:06,507 - Get_prot - INFO - Finished without errors.

2022-09-07 15:39:33,336 - Get_prot - INFO - Starting program
2022-09-07 15:39:33,336 - Get_prot - INFO - Link read from command line -> http://bioinfo.dcc.ufmg.br/propedia/public/pdb/structures/complex/4gw1_E_A.pdb
2022-09-07 15:39:33,336 - Get_prot - INFO - The script will get the 4gw1_E_A protein
2022-09-07 15:39:33,336 - Get_prot - INFO - Creating directories
2022-09-07 15:39:33,340 - Get_prot - INFO - Downloading Molecule 4gw1_E_A
2022-09-07 15:39:35,705 - Get_prot - INFO - Saving topology files
2022-09-07 15:39:35,726 - Get_prot - INFO - Creating moved molecules
2022-09-07 15:39:35,726 - Get_prot - INFO - Ids used ['E/9', 'A/84']
2022-09-07 15:39:35,726 - Get_prot - INFO - Getting 8 molecules with distance 6
2022-09-07 15:39:35,762 - Get_prot - INFO - Saving Coarse-Grained molecules
2022-09-07 15:39:35,990 - Get_prot - INFO - Finished without errors.

2022-10-05 12:49:50,399 - Get_prot - INFO - Starting program
2022-10-05 12:49:50,399 - Get_prot - INFO - Link read from command line -> http://bioinfo.dcc.ufmg.br/propedia/public/pdb/structures/complex/1skg_B_A.pdb
2022-10-05 12:49:50,399 - Get_prot - INFO - The script will get the 1skg_B_A protein
2022-10-05 12:49:50,399 - Get_prot - INFO - Creating directories
2022-10-05 12:49:50,498 - Get_prot - INFO - Downloading Molecule 1skg_B_A
2022-10-05 12:49:56,176 - Get_prot - INFO - Saving topology files
2022-10-05 12:49:56,192 - Get_prot - INFO - Creating moved molecules
2022-10-05 12:49:56,192 - Get_prot - ERROR - Program terminated with exception: Introduce the ids as -i Chain1/resId1 Chain2/resId2
	Example: -i A/17 C/76
Traceback (most recent call last):
  File "/shared/eloi/scripts/get_prot/get_prot.py", line 202, in main
    assert args.ids, 'Introduce the ids as -i Chain1/resId1 Chain2/resId2\n\tExample: -i A/17 C/76'
AssertionError: Introduce the ids as -i Chain1/resId1 Chain2/resId2
	Example: -i A/17 C/76
2022-10-05 12:49:56,713 - Get_prot - INFO - Starting program
2022-10-05 12:49:56,713 - Get_prot - INFO - Link read from command line -> http://bioinfo.dcc.ufmg.br/propedia/public/pdb/structures/complex/1tg4_I_A.pdb
2022-10-05 12:49:56,714 - Get_prot - INFO - The script will get the 1tg4_I_A protein
2022-10-05 12:49:56,714 - Get_prot - INFO - Creating directories
2022-10-05 12:49:56,718 - Get_prot - INFO - Downloading Molecule 1tg4_I_A
2022-10-05 12:49:58,751 - Get_prot - INFO - Saving topology files
2022-10-05 12:49:58,765 - Get_prot - INFO - Creating moved molecules
2022-10-05 12:49:58,765 - Get_prot - ERROR - Program terminated with exception: Introduce the ids as -i Chain1/resId1 Chain2/resId2
	Example: -i A/17 C/76
Traceback (most recent call last):
  File "/shared/eloi/scripts/get_prot/get_prot.py", line 202, in main
    assert args.ids, 'Introduce the ids as -i Chain1/resId1 Chain2/resId2\n\tExample: -i A/17 C/76'
AssertionError: Introduce the ids as -i Chain1/resId1 Chain2/resId2
	Example: -i A/17 C/76
2022-10-05 12:49:59,195 - Get_prot - INFO - Starting program
2022-10-05 12:49:59,195 - Get_prot - INFO - Link read from command line -> http://bioinfo.dcc.ufmg.br/propedia/public/pdb/structures/complex/1tj9_B_A.pdb
2022-10-05 12:49:59,196 - Get_prot - INFO - The script will get the 1tj9_B_A protein
2022-10-05 12:49:59,196 - Get_prot - INFO - Creating directories
2022-10-05 12:49:59,201 - Get_prot - INFO - Downloading Molecule 1tj9_B_A
2022-10-05 12:50:01,204 - Get_prot - INFO - Saving topology files
2022-10-05 12:50:01,218 - Get_prot - INFO - Creating moved molecules
2022-10-05 12:50:01,218 - Get_prot - ERROR - Program terminated with exception: Introduce the ids as -i Chain1/resId1 Chain2/resId2
	Example: -i A/17 C/76
Traceback (most recent call last):
  File "/shared/eloi/scripts/get_prot/get_prot.py", line 202, in main
    assert args.ids, 'Introduce the ids as -i Chain1/resId1 Chain2/resId2\n\tExample: -i A/17 C/76'
AssertionError: Introduce the ids as -i Chain1/resId1 Chain2/resId2
	Example: -i A/17 C/76
2022-10-05 12:50:01,659 - Get_prot - INFO - Starting program
2022-10-05 12:50:01,659 - Get_prot - INFO - Link read from command line -> http://bioinfo.dcc.ufmg.br/propedia/public/pdb/structures/complex/1tjk_I_A.pdb
2022-10-05 12:50:01,659 - Get_prot - INFO - The script will get the 1tjk_I_A protein
2022-10-05 12:50:01,659 - Get_prot - INFO - Creating directories
2022-10-05 12:50:01,682 - Get_prot - INFO - Downloading Molecule 1tjk_I_A
2022-10-05 12:51:18,063 - Get_prot - INFO - Starting program
2022-10-05 12:51:18,063 - Get_prot - INFO - Link read from command line -> http://bioinfo.dcc.ufmg.br/propedia/public/pdb/structures/complex/1skg_B_A.pdb
2022-10-05 12:51:18,063 - Get_prot - INFO - The script will get the 1skg_B_A protein
2022-10-05 12:51:18,063 - Get_prot - INFO - Creating directories
2022-10-05 12:51:18,736 - Get_prot - INFO - Saving topology files
2022-10-05 12:51:18,752 - Get_prot - INFO - Not moving molecules
2022-10-05 12:51:18,752 - Get_prot - INFO - Saving Coarse-Grained molecules
2022-10-05 12:51:18,763 - Get_prot - INFO - Finished without errors.

2022-10-05 12:51:19,229 - Get_prot - INFO - Starting program
2022-10-05 12:51:19,229 - Get_prot - INFO - Link read from command line -> http://bioinfo.dcc.ufmg.br/propedia/public/pdb/structures/complex/1tg4_I_A.pdb
2022-10-05 12:51:19,229 - Get_prot - INFO - The script will get the 1tg4_I_A protein
2022-10-05 12:51:19,229 - Get_prot - INFO - Creating directories
2022-10-05 12:51:19,722 - Get_prot - INFO - Saving topology files
2022-10-05 12:51:19,737 - Get_prot - INFO - Not moving molecules
2022-10-05 12:51:19,737 - Get_prot - INFO - Saving Coarse-Grained molecules
2022-10-05 12:51:19,748 - Get_prot - INFO - Finished without errors.

2022-10-05 12:51:20,197 - Get_prot - INFO - Starting program
2022-10-05 12:51:20,197 - Get_prot - INFO - Link read from command line -> http://bioinfo.dcc.ufmg.br/propedia/public/pdb/structures/complex/1tj9_B_A.pdb
2022-10-05 12:51:20,197 - Get_prot - INFO - The script will get the 1tj9_B_A protein
2022-10-05 12:51:20,198 - Get_prot - INFO - Creating directories
2022-10-05 12:51:20,680 - Get_prot - INFO - Saving topology files
2022-10-05 12:51:20,695 - Get_prot - INFO - Not moving molecules
2022-10-05 12:51:20,695 - Get_prot - INFO - Saving Coarse-Grained molecules
2022-10-05 12:51:20,706 - Get_prot - INFO - Finished without errors.

2022-10-05 12:51:21,187 - Get_prot - INFO - Starting program
2022-10-05 12:51:21,187 - Get_prot - INFO - Link read from command line -> http://bioinfo.dcc.ufmg.br/propedia/public/pdb/structures/complex/1tjk_I_A.pdb
2022-10-05 12:51:21,187 - Get_prot - INFO - The script will get the 1tjk_I_A protein
2022-10-05 12:51:21,187 - Get_prot - INFO - Creating directories
2022-10-05 12:51:21,189 - Get_prot - INFO - Downloading Molecule 1tjk_I_A
2022-10-05 12:51:22,740 - Get_prot - INFO - Saving topology files
2022-10-05 12:51:22,755 - Get_prot - INFO - Not moving molecules
2022-10-05 12:51:22,755 - Get_prot - INFO - Saving Coarse-Grained molecules
2022-10-05 12:51:22,766 - Get_prot - INFO - Finished without errors.

2022-10-05 12:51:23,262 - Get_prot - INFO - Starting program
2022-10-05 12:51:23,263 - Get_prot - INFO - Link read from command line -> http://bioinfo.dcc.ufmg.br/propedia/public/pdb/structures/complex/1tk4_B_A.pdb
2022-10-05 12:51:23,263 - Get_prot - INFO - The script will get the 1tk4_B_A protein
2022-10-05 12:51:23,263 - Get_prot - INFO - Creating directories
2022-10-05 12:51:23,268 - Get_prot - INFO - Downloading Molecule 1tk4_B_A
2022-10-05 12:51:25,788 - Get_prot - INFO - Saving topology files
2022-10-05 12:51:25,802 - Get_prot - INFO - Not moving molecules
2022-10-05 12:51:25,802 - Get_prot - INFO - Saving Coarse-Grained molecules
2022-10-05 12:51:25,824 - Get_prot - INFO - Finished without errors.

2022-10-05 12:51:26,324 - Get_prot - INFO - Starting program
2022-10-05 12:51:26,325 - Get_prot - INFO - Link read from command line -> http://bioinfo.dcc.ufmg.br/propedia/public/pdb/structures/complex/2gns_P_A.pdb
2022-10-05 12:51:26,325 - Get_prot - INFO - The script will get the 2gns_P_A protein
2022-10-05 12:51:26,325 - Get_prot - INFO - Creating directories
2022-10-05 12:51:26,329 - Get_prot - INFO - Downloading Molecule 2gns_P_A
2022-10-05 12:51:27,586 - Get_prot - INFO - Saving topology files
2022-10-05 12:51:27,599 - Get_prot - INFO - Not moving molecules
2022-10-05 12:51:27,600 - Get_prot - INFO - Saving Coarse-Grained molecules
2022-10-05 12:51:27,610 - Get_prot - INFO - Finished without errors.

2022-10-05 12:51:28,098 - Get_prot - INFO - Starting program
2022-10-05 12:51:28,099 - Get_prot - INFO - Link read from command line -> http://bioinfo.dcc.ufmg.br/propedia/public/pdb/structures/complex/3fg5_C_A.pdb
2022-10-05 12:51:28,099 - Get_prot - INFO - The script will get the 3fg5_C_A protein
2022-10-05 12:51:28,099 - Get_prot - INFO - Creating directories
2022-10-05 12:51:28,104 - Get_prot - INFO - Downloading Molecule 3fg5_C_A
2022-10-05 12:51:29,596 - Get_prot - INFO - Saving topology files
2022-10-05 12:51:29,610 - Get_prot - INFO - Not moving molecules
2022-10-05 12:51:29,610 - Get_prot - INFO - Saving Coarse-Grained molecules
2022-10-05 12:51:29,622 - Get_prot - INFO - Finished without errors.

2022-10-05 12:51:30,081 - Get_prot - INFO - Starting program
2022-10-05 12:51:30,082 - Get_prot - INFO - Link read from command line -> http://bioinfo.dcc.ufmg.br/propedia/public/pdb/structures/complex/4fga_P_A.pdb
2022-10-05 12:51:30,082 - Get_prot - INFO - The script will get the 4fga_P_A protein
2022-10-05 12:51:30,082 - Get_prot - INFO - Creating directories
2022-10-05 12:51:30,088 - Get_prot - INFO - Downloading Molecule 4fga_P_A
2022-10-05 12:51:31,610 - Get_prot - INFO - Saving topology files
2022-10-05 12:51:31,624 - Get_prot - INFO - Not moving molecules
2022-10-05 12:51:31,624 - Get_prot - INFO - Saving Coarse-Grained molecules
2022-10-05 12:51:31,636 - Get_prot - INFO - Finished without errors.

2022-10-05 14:19:35,634 - Get_prot - INFO - Starting program
2022-10-05 14:19:35,635 - Get_prot - INFO - Link read from command line -> http://bioinfo.dcc.ufmg.br/propedia/public/pdb/structures/complex/3fg5_C_A.pdb
2022-10-05 14:19:35,635 - Get_prot - INFO - The script will get the 3fg5_C_A protein
2022-10-05 14:19:35,635 - Get_prot - INFO - Creating directories
2022-10-05 14:19:37,166 - Get_prot - INFO - Saving topology files
2022-10-05 14:19:37,182 - Get_prot - ERROR - Program terminated with exception: No module named 'ipdb'
Traceback (most recent call last):
  File "/shared/eloi/scripts/get_prot/get_prot.py", line 199, in main
    import ipdb; ipdb.set_trace()
ModuleNotFoundError: No module named 'ipdb'
2022-10-05 14:19:54,425 - Get_prot - INFO - Starting program
2022-10-05 14:19:54,426 - Get_prot - INFO - Link read from command line -> http://bioinfo.dcc.ufmg.br/propedia/public/pdb/structures/complex/3fg5_C_A.pdb
2022-10-05 14:19:54,426 - Get_prot - INFO - The script will get the 3fg5_C_A protein
2022-10-05 14:19:54,426 - Get_prot - INFO - Creating directories
2022-10-05 14:19:54,917 - Get_prot - INFO - Saving topology files
2022-10-05 14:28:01,588 - Get_prot - ERROR - Program terminated with exception: 
Traceback (most recent call last):
  File "/shared/eloi/scripts/get_prot/get_prot.py", line 201, in main
    if args.move:
  File "/shared/eloi/scripts/get_prot/get_prot.py", line 201, in main
    if args.move:
  File "/shared/eloi/anaconda3/envs/mol-prep/lib/python3.9/bdb.py", line 88, in trace_dispatch
    return self.dispatch_line(frame)
  File "/shared/eloi/anaconda3/envs/mol-prep/lib/python3.9/bdb.py", line 113, in dispatch_line
    if self.quitting: raise BdbQuit
bdb.BdbQuit
2022-10-05 14:40:24,175 - Get_prot - INFO - Starting program
2022-10-05 14:40:24,175 - Get_prot - INFO - Link read from command line -> http://bioinfo.dcc.ufmg.br/propedia/public/pdb/structures/complex/1skg_B_A.pdb
2022-10-05 14:40:24,175 - Get_prot - INFO - The script will get the 1skg_B_A protein
2022-10-05 14:40:24,175 - Get_prot - INFO - Creating directories
2022-10-05 14:40:25,666 - Get_prot - INFO - Saving topology files
2022-10-05 14:41:48,224 - Get_prot - ERROR - Program terminated with exception: 
Traceback (most recent call last):
  File "/shared/eloi/scripts/get_prot/get_prot.py", line 201, in main
    if args.move:
  File "/shared/eloi/scripts/get_prot/get_prot.py", line 201, in main
    if args.move:
  File "/shared/eloi/anaconda3/envs/mol-prep/lib/python3.9/bdb.py", line 88, in trace_dispatch
    return self.dispatch_line(frame)
  File "/shared/eloi/anaconda3/envs/mol-prep/lib/python3.9/bdb.py", line 113, in dispatch_line
    if self.quitting: raise BdbQuit
bdb.BdbQuit
2022-10-05 15:01:33,270 - Get_prot - INFO - Starting program
2022-10-05 15:01:33,271 - Get_prot - INFO - Link read from command line -> http://bioinfo.dcc.ufmg.br/propedia/public/pdb/structures/complex/1skg_B_A.pdb
2022-10-05 15:01:33,271 - Get_prot - INFO - The script will get the 1skg_B_A protein
2022-10-05 15:01:33,271 - Get_prot - INFO - Creating directories
2022-10-05 15:01:34,706 - Get_prot - INFO - Saving topology files
2022-10-05 15:01:34,725 - Get_prot - INFO - Not moving molecules
2022-10-05 15:01:34,726 - Get_prot - INFO - Saving Coarse-Grained molecules
2022-10-05 15:01:34,744 - Get_prot - INFO - Finished without errors.

2022-10-05 15:01:35,260 - Get_prot - INFO - Starting program
2022-10-05 15:01:35,260 - Get_prot - INFO - Link read from command line -> http://bioinfo.dcc.ufmg.br/propedia/public/pdb/structures/complex/1tg4_I_A.pdb
2022-10-05 15:01:35,260 - Get_prot - INFO - The script will get the 1tg4_I_A protein
2022-10-05 15:01:35,260 - Get_prot - INFO - Creating directories
2022-10-05 15:01:35,759 - Get_prot - INFO - Saving topology files
2022-10-05 15:01:35,773 - Get_prot - INFO - Not moving molecules
2022-10-05 15:01:35,773 - Get_prot - INFO - Saving Coarse-Grained molecules
2022-10-05 15:01:35,786 - Get_prot - INFO - Finished without errors.

2022-10-05 15:01:36,237 - Get_prot - INFO - Starting program
2022-10-05 15:01:36,238 - Get_prot - INFO - Link read from command line -> http://bioinfo.dcc.ufmg.br/propedia/public/pdb/structures/complex/1tj9_B_A.pdb
2022-10-05 15:01:36,238 - Get_prot - INFO - The script will get the 1tj9_B_A protein
2022-10-05 15:01:36,238 - Get_prot - INFO - Creating directories
2022-10-05 15:01:50,533 - Get_prot - INFO - Starting program
2022-10-05 15:01:50,533 - Get_prot - INFO - Link read from command line -> http://bioinfo.dcc.ufmg.br/propedia/public/pdb/structures/complex/1skg_B_A.pdb
2022-10-05 15:01:50,533 - Get_prot - INFO - The script will get the 1skg_B_A protein
2022-10-05 15:01:50,533 - Get_prot - INFO - Creating directories
2022-10-05 15:01:50,998 - Get_prot - INFO - Saving topology files
2022-10-05 15:01:51,012 - Get_prot - INFO - Creating moved molecules
2022-10-05 15:01:51,012 - Get_prot - INFO - Ids used ['A/2045', 'B/4004']
2022-10-05 15:01:51,012 - Get_prot - INFO - Getting 8 molecules with distance 6
2022-10-05 15:01:51,038 - Get_prot - INFO - Saving Coarse-Grained molecules
2022-10-05 15:01:51,162 - Get_prot - INFO - Finished without errors.

2022-10-05 15:01:51,626 - Get_prot - INFO - Starting program
2022-10-05 15:01:51,627 - Get_prot - INFO - Link read from command line -> http://bioinfo.dcc.ufmg.br/propedia/public/pdb/structures/complex/1tg4_I_A.pdb
2022-10-05 15:01:51,627 - Get_prot - INFO - The script will get the 1tg4_I_A protein
2022-10-05 15:01:51,627 - Get_prot - INFO - Creating directories
2022-10-05 15:01:52,151 - Get_prot - INFO - Saving topology files
2022-10-05 15:01:52,168 - Get_prot - INFO - Creating moved molecules
2022-10-05 15:01:52,168 - Get_prot - INFO - Ids used ['/', '/']
2022-10-05 15:01:52,169 - Get_prot - INFO - Getting 8 molecules with distance 6
2022-10-05 15:01:52,169 - Get_prot - ERROR - Program terminated with exception: invalid literal for int() with base 10: ''
Traceback (most recent call last):
  File "/shared/eloi/scripts/get_prot/get_prot.py", line 210, in main
    ids.append((dum[0], int(dum[1])))
ValueError: invalid literal for int() with base 10: ''
2022-10-05 15:01:52,610 - Get_prot - INFO - Starting program
2022-10-05 15:01:52,610 - Get_prot - INFO - Link read from command line -> http://bioinfo.dcc.ufmg.br/propedia/public/pdb/structures/complex/1tj9_B_A.pdb
2022-10-05 15:01:52,611 - Get_prot - INFO - The script will get the 1tj9_B_A protein
2022-10-05 15:01:52,611 - Get_prot - INFO - Creating directories
2022-10-05 15:01:53,105 - Get_prot - INFO - Saving topology files
2022-10-05 15:01:53,119 - Get_prot - INFO - Creating moved molecules
2022-10-05 15:01:53,119 - Get_prot - INFO - Ids used ['/', '/']
2022-10-05 15:01:53,119 - Get_prot - INFO - Getting 8 molecules with distance 6
2022-10-05 15:01:53,119 - Get_prot - ERROR - Program terminated with exception: invalid literal for int() with base 10: ''
Traceback (most recent call last):
  File "/shared/eloi/scripts/get_prot/get_prot.py", line 210, in main
    ids.append((dum[0], int(dum[1])))
ValueError: invalid literal for int() with base 10: ''
2022-10-05 15:01:53,588 - Get_prot - INFO - Starting program
2022-10-05 15:01:53,589 - Get_prot - INFO - Link read from command line -> http://bioinfo.dcc.ufmg.br/propedia/public/pdb/structures/complex/1tjk_I_A.pdb
2022-10-05 15:01:53,589 - Get_prot - INFO - The script will get the 1tjk_I_A protein
2022-10-05 15:01:53,589 - Get_prot - INFO - Creating directories
2022-10-05 15:01:54,078 - Get_prot - INFO - Saving topology files
2022-10-05 15:01:54,093 - Get_prot - INFO - Creating moved molecules
2022-10-05 15:01:54,093 - Get_prot - INFO - Ids used ['/', '/']
2022-10-05 15:01:54,093 - Get_prot - INFO - Getting 8 molecules with distance 6
2022-10-05 15:01:54,093 - Get_prot - ERROR - Program terminated with exception: invalid literal for int() with base 10: ''
Traceback (most recent call last):
  File "/shared/eloi/scripts/get_prot/get_prot.py", line 210, in main
    ids.append((dum[0], int(dum[1])))
ValueError: invalid literal for int() with base 10: ''
2022-10-05 15:01:54,541 - Get_prot - INFO - Starting program
2022-10-05 15:01:54,541 - Get_prot - INFO - Link read from command line -> http://bioinfo.dcc.ufmg.br/propedia/public/pdb/structures/complex/1tk4_B_A.pdb
2022-10-05 15:01:54,541 - Get_prot - INFO - The script will get the 1tk4_B_A protein
2022-10-05 15:01:54,541 - Get_prot - INFO - Creating directories
2022-10-05 15:01:55,050 - Get_prot - INFO - Saving topology files
2022-10-05 15:01:55,065 - Get_prot - INFO - Creating moved molecules
2022-10-05 15:01:55,066 - Get_prot - INFO - Ids used ['/', '/']
2022-10-05 15:01:55,066 - Get_prot - INFO - Getting 8 molecules with distance 6
2022-10-05 15:01:55,066 - Get_prot - ERROR - Program terminated with exception: invalid literal for int() with base 10: ''
Traceback (most recent call last):
  File "/shared/eloi/scripts/get_prot/get_prot.py", line 210, in main
    ids.append((dum[0], int(dum[1])))
ValueError: invalid literal for int() with base 10: ''
2022-10-05 15:01:55,512 - Get_prot - INFO - Starting program
2022-10-05 15:01:55,512 - Get_prot - INFO - Link read from command line -> http://bioinfo.dcc.ufmg.br/propedia/public/pdb/structures/complex/2gns_P_A.pdb
2022-10-05 15:01:55,513 - Get_prot - INFO - The script will get the 2gns_P_A protein
2022-10-05 15:01:55,513 - Get_prot - INFO - Creating directories
2022-10-05 15:09:24,592 - Get_prot - INFO - Starting program
2022-10-05 15:09:24,592 - Get_prot - INFO - Link read from command line -> http://bioinfo.dcc.ufmg.br/propedia/public/pdb/structures/complex/1skg_B_A.pdb
2022-10-05 15:09:24,592 - Get_prot - INFO - The script will get the 1skg_B_A protein
2022-10-05 15:09:24,592 - Get_prot - INFO - Creating directories
2022-10-05 15:09:25,916 - Get_prot - INFO - Saving topology files
2022-10-05 15:09:25,931 - Get_prot - INFO - Creating moved molecules
2022-10-05 15:09:25,931 - Get_prot - INFO - Ids used ['A/2045', 'B/4004']
2022-10-05 15:09:25,932 - Get_prot - INFO - Getting 8 molecules with distance 6
2022-10-05 15:09:25,958 - Get_prot - INFO - Saving Coarse-Grained molecules
2022-10-05 15:09:26,101 - Get_prot - INFO - Finished without errors.

2022-10-05 15:09:26,607 - Get_prot - INFO - Starting program
2022-10-05 15:09:26,607 - Get_prot - INFO - Link read from command line -> http://bioinfo.dcc.ufmg.br/propedia/public/pdb/structures/complex/1tg4_I_A.pdb
2022-10-05 15:09:26,607 - Get_prot - INFO - The script will get the 1tg4_I_A protein
2022-10-05 15:09:26,607 - Get_prot - INFO - Creating directories
2022-10-05 15:09:27,102 - Get_prot - INFO - Saving topology files
2022-10-05 15:09:27,118 - Get_prot - INFO - Creating moved molecules
2022-10-05 15:09:27,118 - Get_prot - INFO - Ids used ['A/99', 'I/3']
2022-10-05 15:09:27,118 - Get_prot - INFO - Getting 8 molecules with distance 6
2022-10-05 15:09:27,145 - Get_prot - INFO - Saving Coarse-Grained molecules
2022-10-05 15:09:27,313 - Get_prot - INFO - Finished without errors.

2022-10-05 15:09:27,747 - Get_prot - INFO - Starting program
2022-10-05 15:09:27,747 - Get_prot - INFO - Link read from command line -> http://bioinfo.dcc.ufmg.br/propedia/public/pdb/structures/complex/1tj9_B_A.pdb
2022-10-05 15:09:27,747 - Get_prot - INFO - The script will get the 1tj9_B_A protein
2022-10-05 15:09:27,747 - Get_prot - INFO - Creating directories
2022-10-05 15:09:28,238 - Get_prot - INFO - Saving topology files
2022-10-05 15:09:28,253 - Get_prot - INFO - Creating moved molecules
2022-10-05 15:09:28,253 - Get_prot - INFO - Ids used ['A/51', 'B/3']
2022-10-05 15:09:28,253 - Get_prot - INFO - Getting 8 molecules with distance 6
2022-10-05 15:09:28,280 - Get_prot - INFO - Saving Coarse-Grained molecules
2022-10-05 15:09:28,628 - Get_prot - INFO - Finished without errors.

2022-10-05 15:09:29,132 - Get_prot - INFO - Starting program
2022-10-05 15:09:29,132 - Get_prot - INFO - Link read from command line -> http://bioinfo.dcc.ufmg.br/propedia/public/pdb/structures/complex/1tjk_I_A.pdb
2022-10-05 15:09:29,132 - Get_prot - INFO - The script will get the 1tjk_I_A protein
2022-10-05 15:09:29,132 - Get_prot - INFO - Creating directories
2022-10-05 15:09:29,632 - Get_prot - INFO - Saving topology files
2022-10-05 15:09:29,675 - Get_prot - INFO - Creating moved molecules
2022-10-05 15:09:29,676 - Get_prot - INFO - Ids used ['A/102', 'I/3']
2022-10-05 15:09:29,676 - Get_prot - INFO - Getting 8 molecules with distance 6
2022-10-05 15:09:29,714 - Get_prot - INFO - Saving Coarse-Grained molecules
2022-10-05 15:09:29,902 - Get_prot - INFO - Finished without errors.

2022-10-05 15:09:30,358 - Get_prot - INFO - Starting program
2022-10-05 15:09:30,359 - Get_prot - INFO - Link read from command line -> http://bioinfo.dcc.ufmg.br/propedia/public/pdb/structures/complex/1tk4_B_A.pdb
2022-10-05 15:09:30,359 - Get_prot - INFO - The script will get the 1tk4_B_A protein
2022-10-05 15:09:30,359 - Get_prot - INFO - Creating directories
2022-10-05 15:09:30,846 - Get_prot - INFO - Saving topology files
2022-10-05 15:09:30,861 - Get_prot - INFO - Creating moved molecules
2022-10-05 15:09:30,861 - Get_prot - INFO - Ids used ['A/99', 'B/2']
2022-10-05 15:09:30,861 - Get_prot - INFO - Getting 8 molecules with distance 6
2022-10-05 15:09:30,887 - Get_prot - INFO - Saving Coarse-Grained molecules
2022-10-05 15:09:31,178 - Get_prot - INFO - Finished without errors.

2022-10-05 15:09:31,639 - Get_prot - INFO - Starting program
2022-10-05 15:09:31,640 - Get_prot - INFO - Link read from command line -> http://bioinfo.dcc.ufmg.br/propedia/public/pdb/structures/complex/2gns_P_A.pdb
2022-10-05 15:09:31,640 - Get_prot - INFO - The script will get the 2gns_P_A protein
2022-10-05 15:09:31,640 - Get_prot - INFO - Creating directories
2022-10-05 15:09:32,124 - Get_prot - INFO - Saving topology files
2022-10-05 15:09:32,139 - Get_prot - INFO - Creating moved molecules
2022-10-05 15:09:32,139 - Get_prot - INFO - Ids used ['A/101', 'P/3']
2022-10-05 15:09:32,139 - Get_prot - INFO - Getting 8 molecules with distance 6
2022-10-05 15:09:32,165 - Get_prot - INFO - Saving Coarse-Grained molecules
2022-10-05 15:09:32,345 - Get_prot - INFO - Finished without errors.

2022-10-05 15:09:32,816 - Get_prot - INFO - Starting program
2022-10-05 15:09:32,817 - Get_prot - INFO - Link read from command line -> http://bioinfo.dcc.ufmg.br/propedia/public/pdb/structures/complex/3fg5_C_A.pdb
2022-10-05 15:09:32,817 - Get_prot - INFO - The script will get the 3fg5_C_A protein
2022-10-05 15:09:32,817 - Get_prot - INFO - Creating directories
2022-10-05 15:09:33,319 - Get_prot - INFO - Saving topology files
2022-10-05 15:09:33,333 - Get_prot - INFO - Creating moved molecules
2022-10-05 15:09:33,333 - Get_prot - INFO - Ids used ['A/101', 'C/4']
2022-10-05 15:09:33,334 - Get_prot - INFO - Getting 8 molecules with distance 6
2022-10-05 15:09:33,360 - Get_prot - INFO - Saving Coarse-Grained molecules
2022-10-05 15:09:33,534 - Get_prot - INFO - Finished without errors.

2022-10-05 15:09:34,024 - Get_prot - INFO - Starting program
2022-10-05 15:09:34,024 - Get_prot - INFO - Link read from command line -> http://bioinfo.dcc.ufmg.br/propedia/public/pdb/structures/complex/4fga_P_A.pdb
2022-10-05 15:09:34,024 - Get_prot - INFO - The script will get the 4fga_P_A protein
2022-10-05 15:09:34,024 - Get_prot - INFO - Creating directories
2022-10-05 15:09:34,549 - Get_prot - INFO - Saving topology files
2022-10-05 15:09:34,566 - Get_prot - INFO - Creating moved molecules
2022-10-05 15:09:34,566 - Get_prot - INFO - Ids used ['A/100', 'P/4']
2022-10-05 15:09:34,566 - Get_prot - INFO - Getting 8 molecules with distance 6
2022-10-05 15:09:34,596 - Get_prot - INFO - Saving Coarse-Grained molecules
2022-10-05 15:09:34,857 - Get_prot - INFO - Finished without errors.

2022-10-05 15:26:10,575 - Get_prot - INFO - Starting program
2022-10-05 15:26:10,575 - Get_prot - INFO - Link read from command line -> http://bioinfo.dcc.ufmg.br/propedia/public/pdb/structures/complex/1skg_B_A.pdb
2022-10-05 15:26:10,576 - Get_prot - INFO - The script will get the 1skg_B_A protein
2022-10-05 15:26:10,576 - Get_prot - INFO - Creating directories
2022-10-05 15:26:12,003 - Get_prot - INFO - Saving topology files
2022-10-05 15:26:12,045 - Get_prot - INFO - Creating moved molecules
2022-10-05 15:26:12,045 - Get_prot - INFO - Ids used ['A/2045', 'B/4004']
2022-10-05 15:26:12,046 - Get_prot - INFO - Getting 8 molecules with distance 6
2022-10-05 15:26:12,079 - Get_prot - INFO - Saving Coarse-Grained molecules
2022-10-05 15:26:12,410 - Get_prot - INFO - Finished without errors.

2022-10-05 15:26:12,885 - Get_prot - INFO - Starting program
2022-10-05 15:26:12,885 - Get_prot - INFO - Link read from command line -> http://bioinfo.dcc.ufmg.br/propedia/public/pdb/structures/complex/1tg4_I_A.pdb
2022-10-05 15:26:12,885 - Get_prot - INFO - The script will get the 1tg4_I_A protein
2022-10-05 15:26:12,885 - Get_prot - INFO - Creating directories
2022-10-05 15:26:13,377 - Get_prot - INFO - Saving topology files
2022-10-05 15:26:13,392 - Get_prot - INFO - Creating moved molecules
2022-10-05 15:26:13,392 - Get_prot - INFO - Ids used ['A/99', 'I/3']
2022-10-05 15:26:13,392 - Get_prot - INFO - Getting 8 molecules with distance 6
2022-10-05 15:26:13,419 - Get_prot - INFO - Saving Coarse-Grained molecules
2022-10-05 15:26:13,584 - Get_prot - INFO - Finished without errors.

2022-10-05 15:26:14,038 - Get_prot - INFO - Starting program
2022-10-05 15:26:14,039 - Get_prot - INFO - Link read from command line -> http://bioinfo.dcc.ufmg.br/propedia/public/pdb/structures/complex/1tj9_B_A.pdb
2022-10-05 15:26:14,039 - Get_prot - INFO - The script will get the 1tj9_B_A protein
2022-10-05 15:26:14,039 - Get_prot - INFO - Creating directories
2022-10-05 15:26:14,557 - Get_prot - INFO - Saving topology files
2022-10-05 15:26:14,572 - Get_prot - INFO - Creating moved molecules
2022-10-05 15:26:14,572 - Get_prot - INFO - Ids used ['A/51', 'B/3']
2022-10-05 15:26:14,572 - Get_prot - INFO - Getting 8 molecules with distance 6
2022-10-05 15:26:14,599 - Get_prot - INFO - Saving Coarse-Grained molecules
2022-10-05 15:26:14,815 - Get_prot - INFO - Finished without errors.

2022-10-05 15:26:15,308 - Get_prot - INFO - Starting program
2022-10-05 15:26:15,308 - Get_prot - INFO - Link read from command line -> http://bioinfo.dcc.ufmg.br/propedia/public/pdb/structures/complex/1tjk_I_A.pdb
2022-10-05 15:26:15,308 - Get_prot - INFO - The script will get the 1tjk_I_A protein
2022-10-05 15:26:15,308 - Get_prot - INFO - Creating directories
2022-10-05 15:26:15,804 - Get_prot - INFO - Saving topology files
2022-10-05 15:26:15,818 - Get_prot - INFO - Creating moved molecules
2022-10-05 15:26:15,818 - Get_prot - INFO - Ids used ['A/102', 'I/3']
2022-10-05 15:26:15,818 - Get_prot - INFO - Getting 8 molecules with distance 6
2022-10-05 15:26:15,844 - Get_prot - INFO - Saving Coarse-Grained molecules
2022-10-05 15:26:15,986 - Get_prot - INFO - Finished without errors.

2022-10-05 15:26:16,435 - Get_prot - INFO - Starting program
2022-10-05 15:26:16,436 - Get_prot - INFO - Link read from command line -> http://bioinfo.dcc.ufmg.br/propedia/public/pdb/structures/complex/1tk4_B_A.pdb
2022-10-05 15:26:16,436 - Get_prot - INFO - The script will get the 1tk4_B_A protein
2022-10-05 15:26:16,436 - Get_prot - INFO - Creating directories
2022-10-05 15:26:16,899 - Get_prot - INFO - Saving topology files
2022-10-05 15:26:16,915 - Get_prot - INFO - Creating moved molecules
2022-10-05 15:26:16,915 - Get_prot - INFO - Ids used ['A/99', 'B/2']
2022-10-05 15:26:16,915 - Get_prot - INFO - Getting 8 molecules with distance 6
2022-10-05 15:26:16,938 - Get_prot - INFO - Saving Coarse-Grained molecules
2022-10-05 15:26:17,183 - Get_prot - INFO - Finished without errors.

2022-10-05 15:26:17,646 - Get_prot - INFO - Starting program
2022-10-05 15:26:17,647 - Get_prot - INFO - Link read from command line -> http://bioinfo.dcc.ufmg.br/propedia/public/pdb/structures/complex/2gns_P_A.pdb
2022-10-05 15:26:17,647 - Get_prot - INFO - The script will get the 2gns_P_A protein
2022-10-05 15:26:17,647 - Get_prot - INFO - Creating directories
2022-10-05 15:26:18,121 - Get_prot - INFO - Saving topology files
2022-10-05 15:26:18,137 - Get_prot - INFO - Creating moved molecules
2022-10-05 15:26:18,137 - Get_prot - INFO - Ids used ['A/101', 'P/3']
2022-10-05 15:26:18,138 - Get_prot - INFO - Getting 8 molecules with distance 6
2022-10-05 15:26:18,164 - Get_prot - INFO - Saving Coarse-Grained molecules
2022-10-05 15:26:18,344 - Get_prot - INFO - Finished without errors.

2022-10-05 15:26:18,833 - Get_prot - INFO - Starting program
2022-10-05 15:26:18,833 - Get_prot - INFO - Link read from command line -> http://bioinfo.dcc.ufmg.br/propedia/public/pdb/structures/complex/3fg5_C_A.pdb
2022-10-05 15:26:18,833 - Get_prot - INFO - The script will get the 3fg5_C_A protein
2022-10-05 15:26:18,833 - Get_prot - INFO - Creating directories
2022-10-05 15:26:19,326 - Get_prot - INFO - Saving topology files
2022-10-05 15:26:19,342 - Get_prot - INFO - Creating moved molecules
2022-10-05 15:26:19,342 - Get_prot - INFO - Ids used ['A/101', 'C/4']
2022-10-05 15:26:19,342 - Get_prot - INFO - Getting 8 molecules with distance 6
2022-10-05 15:26:19,369 - Get_prot - INFO - Saving Coarse-Grained molecules
2022-10-05 15:26:19,559 - Get_prot - INFO - Finished without errors.

2022-10-05 15:26:20,056 - Get_prot - INFO - Starting program
2022-10-05 15:26:20,056 - Get_prot - INFO - Link read from command line -> http://bioinfo.dcc.ufmg.br/propedia/public/pdb/structures/complex/4fga_P_A.pdb
2022-10-05 15:26:20,056 - Get_prot - INFO - The script will get the 4fga_P_A protein
2022-10-05 15:26:20,056 - Get_prot - INFO - Creating directories
2022-10-05 15:26:20,569 - Get_prot - INFO - Saving topology files
2022-10-05 15:26:20,584 - Get_prot - INFO - Creating moved molecules
2022-10-05 15:26:20,584 - Get_prot - INFO - Ids used ['A/100', 'P/4']
2022-10-05 15:26:20,584 - Get_prot - INFO - Getting 8 molecules with distance 6
2022-10-05 15:26:20,610 - Get_prot - INFO - Saving Coarse-Grained molecules
2022-10-05 15:26:20,895 - Get_prot - INFO - Finished without errors.

2022-10-05 15:26:31,073 - Get_prot - INFO - Starting program
2022-10-05 15:26:31,073 - Get_prot - INFO - Link read from command line -> http://bioinfo.dcc.ufmg.br/propedia/public/pdb/structures/complex/1skg_B_A.pdb
2022-10-05 15:26:31,073 - Get_prot - INFO - The script will get the 1skg_B_A protein
2022-10-05 15:26:31,073 - Get_prot - INFO - Creating directories
2022-10-05 15:26:31,538 - Get_prot - INFO - Saving topology files
2022-10-05 15:26:31,553 - Get_prot - INFO - Creating moved molecules
2022-10-05 15:26:31,553 - Get_prot - INFO - Ids used ['A/2045', 'B/4004']
2022-10-05 15:26:31,553 - Get_prot - INFO - Getting 8 molecules with distance 6
2022-10-05 15:26:31,579 - Get_prot - INFO - Saving Coarse-Grained molecules
2022-10-05 15:26:31,783 - Get_prot - INFO - Finished without errors.

2022-10-05 15:26:32,326 - Get_prot - INFO - Starting program
2022-10-05 15:26:32,326 - Get_prot - INFO - Link read from command line -> http://bioinfo.dcc.ufmg.br/propedia/public/pdb/structures/complex/1tg4_I_A.pdb
2022-10-05 15:26:32,326 - Get_prot - INFO - The script will get the 1tg4_I_A protein
2022-10-05 15:26:32,326 - Get_prot - INFO - Creating directories
2022-10-05 15:26:32,810 - Get_prot - INFO - Saving topology files
2022-10-05 15:26:32,824 - Get_prot - INFO - Creating moved molecules
2022-10-05 15:26:32,824 - Get_prot - INFO - Ids used ['A/99', 'I/3']
2022-10-05 15:26:32,825 - Get_prot - INFO - Getting 8 molecules with distance 6
2022-10-05 15:26:32,851 - Get_prot - INFO - Saving Coarse-Grained molecules
2022-10-05 15:26:32,995 - Get_prot - INFO - Finished without errors.

2022-10-05 15:26:33,458 - Get_prot - INFO - Starting program
2022-10-05 15:26:33,458 - Get_prot - INFO - Link read from command line -> http://bioinfo.dcc.ufmg.br/propedia/public/pdb/structures/complex/1tj9_B_A.pdb
2022-10-05 15:26:33,458 - Get_prot - INFO - The script will get the 1tj9_B_A protein
2022-10-05 15:26:33,458 - Get_prot - INFO - Creating directories
2022-10-05 15:26:33,965 - Get_prot - INFO - Saving topology files
2022-10-05 15:26:33,980 - Get_prot - INFO - Creating moved molecules
2022-10-05 15:26:33,980 - Get_prot - INFO - Ids used ['A/51', 'B/3']
2022-10-05 15:26:33,980 - Get_prot - INFO - Getting 8 molecules with distance 6
2022-10-05 15:26:34,016 - Get_prot - INFO - Saving Coarse-Grained molecules
2022-10-05 15:26:34,246 - Get_prot - INFO - Finished without errors.

2022-10-05 15:26:34,693 - Get_prot - INFO - Starting program
2022-10-05 15:26:34,693 - Get_prot - INFO - Link read from command line -> http://bioinfo.dcc.ufmg.br/propedia/public/pdb/structures/complex/1tjk_I_A.pdb
2022-10-05 15:26:34,693 - Get_prot - INFO - The script will get the 1tjk_I_A protein
2022-10-05 15:26:34,694 - Get_prot - INFO - Creating directories
2022-10-05 15:26:35,187 - Get_prot - INFO - Saving topology files
2022-10-05 15:26:35,204 - Get_prot - INFO - Creating moved molecules
2022-10-05 15:26:35,204 - Get_prot - INFO - Ids used ['A/102', 'I/3']
2022-10-05 15:26:35,204 - Get_prot - INFO - Getting 8 molecules with distance 6
2022-10-05 15:26:35,234 - Get_prot - INFO - Saving Coarse-Grained molecules
2022-10-05 15:26:35,405 - Get_prot - INFO - Finished without errors.

2022-10-05 15:26:35,893 - Get_prot - INFO - Starting program
2022-10-05 15:26:35,893 - Get_prot - INFO - Link read from command line -> http://bioinfo.dcc.ufmg.br/propedia/public/pdb/structures/complex/1tk4_B_A.pdb
2022-10-05 15:26:35,893 - Get_prot - INFO - The script will get the 1tk4_B_A protein
2022-10-05 15:26:35,893 - Get_prot - INFO - Creating directories
2022-10-05 15:26:36,398 - Get_prot - INFO - Saving topology files
2022-10-05 15:26:36,412 - Get_prot - INFO - Creating moved molecules
2022-10-05 15:26:36,412 - Get_prot - INFO - Ids used ['A/99', 'B/2']
2022-10-05 15:26:36,412 - Get_prot - INFO - Getting 8 molecules with distance 6
2022-10-05 15:26:36,439 - Get_prot - INFO - Saving Coarse-Grained molecules
2022-10-05 15:26:36,596 - Get_prot - INFO - Finished without errors.

2022-10-05 15:26:37,046 - Get_prot - INFO - Starting program
2022-10-05 15:26:37,047 - Get_prot - INFO - Link read from command line -> http://bioinfo.dcc.ufmg.br/propedia/public/pdb/structures/complex/2gns_P_A.pdb
2022-10-05 15:26:37,047 - Get_prot - INFO - The script will get the 2gns_P_A protein
2022-10-05 15:26:37,047 - Get_prot - INFO - Creating directories
2022-10-05 15:26:37,552 - Get_prot - INFO - Saving topology files
2022-10-05 15:26:37,568 - Get_prot - INFO - Creating moved molecules
2022-10-05 15:26:37,568 - Get_prot - INFO - Ids used ['A/101', 'P/3']
2022-10-05 15:26:37,568 - Get_prot - INFO - Getting 8 molecules with distance 6
2022-10-05 15:26:37,598 - Get_prot - INFO - Saving Coarse-Grained molecules
2022-10-05 15:26:37,771 - Get_prot - INFO - Finished without errors.

2022-10-05 15:26:38,271 - Get_prot - INFO - Starting program
2022-10-05 15:26:38,271 - Get_prot - INFO - Link read from command line -> http://bioinfo.dcc.ufmg.br/propedia/public/pdb/structures/complex/3fg5_C_A.pdb
2022-10-05 15:26:38,271 - Get_prot - INFO - The script will get the 3fg5_C_A protein
2022-10-05 15:26:38,271 - Get_prot - INFO - Creating directories
2022-10-05 15:26:38,773 - Get_prot - INFO - Saving topology files
2022-10-05 15:26:38,789 - Get_prot - INFO - Creating moved molecules
2022-10-05 15:26:38,789 - Get_prot - INFO - Ids used ['A/101', 'C/4']
2022-10-05 15:26:38,789 - Get_prot - INFO - Getting 8 molecules with distance 6
2022-10-05 15:26:38,815 - Get_prot - INFO - Saving Coarse-Grained molecules
2022-10-05 15:26:38,972 - Get_prot - INFO - Finished without errors.

2022-10-05 15:26:39,430 - Get_prot - INFO - Starting program
2022-10-05 15:26:39,430 - Get_prot - INFO - Link read from command line -> http://bioinfo.dcc.ufmg.br/propedia/public/pdb/structures/complex/4fga_P_A.pdb
2022-10-05 15:26:39,430 - Get_prot - INFO - The script will get the 4fga_P_A protein
2022-10-05 15:26:39,430 - Get_prot - INFO - Creating directories
2022-10-05 15:26:39,917 - Get_prot - INFO - Saving topology files
2022-10-05 15:26:39,932 - Get_prot - INFO - Creating moved molecules
2022-10-05 15:26:39,932 - Get_prot - INFO - Ids used ['A/100', 'P/4']
2022-10-05 15:26:39,933 - Get_prot - INFO - Getting 8 molecules with distance 6
2022-10-05 15:26:39,959 - Get_prot - INFO - Saving Coarse-Grained molecules
2022-10-05 15:26:40,184 - Get_prot - INFO - Finished without errors.

2022-10-05 15:26:40,667 - Get_prot - INFO - Starting program
2022-10-05 15:26:40,667 - Get_prot - INFO - Link read from command line -> http://bioinfo.dcc.ufmg.br/propedia/public/pdb/structures/complex/4gld_B_A.pdb
2022-10-05 15:26:40,667 - Get_prot - INFO - The script will get the 4gld_B_A protein
2022-10-05 15:26:40,667 - Get_prot - INFO - Creating directories
2022-10-05 15:26:40,671 - Get_prot - INFO - Downloading Molecule 4gld_B_A
2022-10-05 15:26:42,576 - Get_prot - INFO - Saving topology files
2022-10-05 15:26:42,592 - Get_prot - INFO - Creating moved molecules
2022-10-05 15:26:42,593 - Get_prot - INFO - Ids used ['A/100', 'B/4']
2022-10-05 15:26:42,593 - Get_prot - INFO - Getting 8 molecules with distance 6
2022-10-05 15:26:42,624 - Get_prot - INFO - Saving Coarse-Grained molecules
2022-10-05 15:26:43,035 - Get_prot - INFO - Finished without errors.

2022-10-05 15:28:39,696 - Get_prot - INFO - Starting program
2022-10-05 15:28:39,696 - Get_prot - INFO - Link read from command line -> http://bioinfo.dcc.ufmg.br/propedia/public/pdb/structures/complex/1skg_B_A.pdb
2022-10-05 15:28:39,697 - Get_prot - INFO - The script will get the 1skg_B_A protein
2022-10-05 15:28:39,697 - Get_prot - INFO - Creating directories
2022-10-05 15:28:40,965 - Get_prot - INFO - Saving topology files
2022-10-05 15:28:40,995 - Get_prot - INFO - Creating moved molecules
2022-10-05 15:28:40,996 - Get_prot - INFO - Ids used ['A/2045', 'B/4004']
2022-10-05 15:28:40,996 - Get_prot - INFO - Getting 8 molecules with distance 6
2022-10-05 15:28:41,027 - Get_prot - INFO - Saving Coarse-Grained molecules
2022-10-05 15:28:41,200 - Get_prot - INFO - Finished without errors.

2022-10-05 15:28:41,696 - Get_prot - INFO - Starting program
2022-10-05 15:28:41,696 - Get_prot - INFO - Link read from command line -> http://bioinfo.dcc.ufmg.br/propedia/public/pdb/structures/complex/1tg4_I_A.pdb
2022-10-05 15:28:41,696 - Get_prot - INFO - The script will get the 1tg4_I_A protein
2022-10-05 15:28:41,696 - Get_prot - INFO - Creating directories
2022-10-05 15:28:42,167 - Get_prot - INFO - Saving topology files
2022-10-05 15:28:42,184 - Get_prot - INFO - Creating moved molecules
2022-10-05 15:28:42,184 - Get_prot - INFO - Ids used ['A/99', 'I/3']
2022-10-05 15:28:42,184 - Get_prot - INFO - Getting 8 molecules with distance 6
2022-10-05 15:28:42,213 - Get_prot - INFO - Saving Coarse-Grained molecules
2022-10-05 15:28:42,374 - Get_prot - INFO - Finished without errors.

2022-10-05 15:28:42,887 - Get_prot - INFO - Starting program
2022-10-05 15:28:42,887 - Get_prot - INFO - Link read from command line -> http://bioinfo.dcc.ufmg.br/propedia/public/pdb/structures/complex/1tj9_B_A.pdb
2022-10-05 15:28:42,887 - Get_prot - INFO - The script will get the 1tj9_B_A protein
2022-10-05 15:28:42,887 - Get_prot - INFO - Creating directories
2022-10-05 15:28:43,369 - Get_prot - INFO - Saving topology files
2022-10-05 15:28:43,402 - Get_prot - INFO - Creating moved molecules
2022-10-05 15:28:43,402 - Get_prot - INFO - Ids used ['A/51', 'B/3']
2022-10-05 15:28:43,402 - Get_prot - INFO - Getting 8 molecules with distance 6
2022-10-05 15:28:43,440 - Get_prot - INFO - Saving Coarse-Grained molecules
2022-10-05 15:28:43,661 - Get_prot - INFO - Finished without errors.

2022-10-05 15:28:44,131 - Get_prot - INFO - Starting program
2022-10-05 15:28:44,131 - Get_prot - INFO - Link read from command line -> http://bioinfo.dcc.ufmg.br/propedia/public/pdb/structures/complex/1tjk_I_A.pdb
2022-10-05 15:28:44,131 - Get_prot - INFO - The script will get the 1tjk_I_A protein
2022-10-05 15:28:44,131 - Get_prot - INFO - Creating directories
2022-10-05 15:28:44,623 - Get_prot - INFO - Saving topology files
2022-10-05 15:28:44,652 - Get_prot - INFO - Creating moved molecules
2022-10-05 15:28:44,652 - Get_prot - INFO - Ids used ['A/102', 'I/3']
2022-10-05 15:28:44,652 - Get_prot - INFO - Getting 8 molecules with distance 6
2022-10-05 15:28:44,689 - Get_prot - INFO - Saving Coarse-Grained molecules
2022-10-05 15:28:44,874 - Get_prot - INFO - Finished without errors.

2022-10-05 15:28:45,354 - Get_prot - INFO - Starting program
2022-10-05 15:28:45,354 - Get_prot - INFO - Link read from command line -> http://bioinfo.dcc.ufmg.br/propedia/public/pdb/structures/complex/1tk4_B_A.pdb
2022-10-05 15:28:45,354 - Get_prot - INFO - The script will get the 1tk4_B_A protein
2022-10-05 15:28:45,354 - Get_prot - INFO - Creating directories
2022-10-05 15:28:45,852 - Get_prot - INFO - Saving topology files
2022-10-05 15:28:45,867 - Get_prot - INFO - Creating moved molecules
2022-10-05 15:28:45,868 - Get_prot - INFO - Ids used ['A/99', 'B/2']
2022-10-05 15:28:45,868 - Get_prot - INFO - Getting 8 molecules with distance 6
2022-10-05 15:28:45,894 - Get_prot - INFO - Saving Coarse-Grained molecules
2022-10-05 15:28:46,055 - Get_prot - INFO - Finished without errors.

2022-10-05 15:28:46,502 - Get_prot - INFO - Starting program
2022-10-05 15:28:46,502 - Get_prot - INFO - Link read from command line -> http://bioinfo.dcc.ufmg.br/propedia/public/pdb/structures/complex/2gns_P_A.pdb
2022-10-05 15:28:46,502 - Get_prot - INFO - The script will get the 2gns_P_A protein
2022-10-05 15:28:46,502 - Get_prot - INFO - Creating directories
2022-10-05 15:28:46,999 - Get_prot - INFO - Saving topology files
2022-10-05 15:28:47,014 - Get_prot - INFO - Creating moved molecules
2022-10-05 15:28:47,014 - Get_prot - INFO - Ids used ['A/101', 'P/3']
2022-10-05 15:28:47,014 - Get_prot - INFO - Getting 8 molecules with distance 6
2022-10-05 15:28:47,040 - Get_prot - INFO - Saving Coarse-Grained molecules
2022-10-05 15:28:47,215 - Get_prot - INFO - Finished without errors.

2022-10-05 15:28:47,704 - Get_prot - INFO - Starting program
2022-10-05 15:28:47,704 - Get_prot - INFO - Link read from command line -> http://bioinfo.dcc.ufmg.br/propedia/public/pdb/structures/complex/3fg5_C_A.pdb
2022-10-05 15:28:47,704 - Get_prot - INFO - The script will get the 3fg5_C_A protein
2022-10-05 15:28:47,704 - Get_prot - INFO - Creating directories
2022-10-05 15:28:48,179 - Get_prot - INFO - Saving topology files
2022-10-05 15:28:48,194 - Get_prot - INFO - Creating moved molecules
2022-10-05 15:28:48,194 - Get_prot - INFO - Ids used ['A/101', 'C/4']
2022-10-05 15:28:48,194 - Get_prot - INFO - Getting 8 molecules with distance 6
2022-10-05 15:28:48,220 - Get_prot - INFO - Saving Coarse-Grained molecules
2022-10-05 15:28:48,407 - Get_prot - INFO - Finished without errors.

2022-10-05 15:28:48,874 - Get_prot - INFO - Starting program
2022-10-05 15:28:48,874 - Get_prot - INFO - Link read from command line -> http://bioinfo.dcc.ufmg.br/propedia/public/pdb/structures/complex/4fga_P_A.pdb
2022-10-05 15:28:48,874 - Get_prot - INFO - The script will get the 4fga_P_A protein
2022-10-05 15:28:48,874 - Get_prot - INFO - Creating directories
2022-10-05 15:28:49,373 - Get_prot - INFO - Saving topology files
2022-10-05 15:28:49,391 - Get_prot - INFO - Creating moved molecules
2022-10-05 15:28:49,391 - Get_prot - INFO - Ids used ['A/100', 'P/4']
2022-10-05 15:28:49,391 - Get_prot - INFO - Getting 8 molecules with distance 6
2022-10-05 15:28:49,423 - Get_prot - INFO - Saving Coarse-Grained molecules
2022-10-05 15:28:49,564 - Get_prot - INFO - Finished without errors.

2022-10-05 15:28:50,020 - Get_prot - INFO - Starting program
2022-10-05 15:28:50,020 - Get_prot - INFO - Link read from command line -> http://bioinfo.dcc.ufmg.br/propedia/public/pdb/structures/complex/4gld_B_A.pdb
2022-10-05 15:28:50,020 - Get_prot - INFO - The script will get the 4gld_B_A protein
2022-10-05 15:28:50,020 - Get_prot - INFO - Creating directories
2022-10-05 15:28:50,505 - Get_prot - INFO - Saving topology files
2022-10-05 15:28:50,519 - Get_prot - INFO - Creating moved molecules
2022-10-05 15:28:50,519 - Get_prot - INFO - Ids used ['A/100', 'B/4']
2022-10-05 15:28:50,519 - Get_prot - INFO - Getting 8 molecules with distance 6
2022-10-05 15:28:50,545 - Get_prot - INFO - Saving Coarse-Grained molecules
2022-10-05 15:28:50,908 - Get_prot - INFO - Finished without errors.

2022-11-11 13:36:17,511 - Get_prot - INFO - Starting program
2022-11-11 13:36:17,512 - Get_prot - INFO - Link read from command line -> http://bioinfo.dcc.ufmg.br/propedia/public/pdb/structures/complex/1skg_B_A.pdb
2022-11-11 13:36:17,512 - Get_prot - INFO - The script will get the 1skg_B_A protein
2022-11-11 13:36:17,512 - Get_prot - INFO - Creating directories
2022-11-11 13:36:19,281 - Get_prot - INFO - Saving topology files
2022-11-11 13:36:19,323 - Get_prot - INFO - Creating moved molecules
2022-11-11 13:36:19,323 - Get_prot - INFO - Ids used ['A/2045', 'B/4004']
2022-11-11 13:36:19,323 - Get_prot - INFO - Getting 8 molecules with distance 6
2022-11-11 13:36:19,357 - Get_prot - INFO - Saving Coarse-Grained molecules
2022-11-11 13:36:19,553 - Get_prot - INFO - Finished without errors.

2022-11-11 13:36:20,107 - Get_prot - INFO - Starting program
2022-11-11 13:36:20,107 - Get_prot - INFO - Link read from command line -> http://bioinfo.dcc.ufmg.br/propedia/public/pdb/structures/complex/1tg4_I_A.pdb
2022-11-11 13:36:20,107 - Get_prot - INFO - The script will get the 1tg4_I_A protein
2022-11-11 13:36:20,107 - Get_prot - INFO - Creating directories
2022-11-11 13:36:20,666 - Get_prot - INFO - Saving topology files
2022-11-11 13:36:20,682 - Get_prot - INFO - Creating moved molecules
2022-11-11 13:36:20,682 - Get_prot - INFO - Ids used ['A/99', 'I/3']
2022-11-11 13:36:20,682 - Get_prot - INFO - Getting 8 molecules with distance 6
2022-11-11 13:36:20,711 - Get_prot - INFO - Saving Coarse-Grained molecules
2022-11-11 13:36:20,849 - Get_prot - INFO - Finished without errors.

2022-11-11 13:36:21,361 - Get_prot - INFO - Starting program
2022-11-11 13:36:21,361 - Get_prot - INFO - Link read from command line -> http://bioinfo.dcc.ufmg.br/propedia/public/pdb/structures/complex/1tj9_B_A.pdb
2022-11-11 13:36:21,361 - Get_prot - INFO - The script will get the 1tj9_B_A protein
2022-11-11 13:36:21,361 - Get_prot - INFO - Creating directories
2022-11-11 13:36:21,952 - Get_prot - INFO - Saving topology files
2022-11-11 13:36:21,966 - Get_prot - INFO - Creating moved molecules
2022-11-11 13:36:21,966 - Get_prot - INFO - Ids used ['A/51', 'B/3']
2022-11-11 13:36:21,966 - Get_prot - INFO - Getting 8 molecules with distance 6
2022-11-11 13:36:21,993 - Get_prot - INFO - Saving Coarse-Grained molecules
2022-11-11 13:36:22,192 - Get_prot - INFO - Finished without errors.

2022-11-11 13:36:22,658 - Get_prot - INFO - Starting program
2022-11-11 13:36:22,658 - Get_prot - INFO - Link read from command line -> http://bioinfo.dcc.ufmg.br/propedia/public/pdb/structures/complex/1tjk_I_A.pdb
2022-11-11 13:36:22,658 - Get_prot - INFO - The script will get the 1tjk_I_A protein
2022-11-11 13:36:22,658 - Get_prot - INFO - Creating directories
2022-11-11 13:36:23,185 - Get_prot - INFO - Saving topology files
2022-11-11 13:36:23,200 - Get_prot - INFO - Creating moved molecules
2022-11-11 13:36:23,200 - Get_prot - INFO - Ids used ['A/102', 'I/3']
2022-11-11 13:36:23,200 - Get_prot - INFO - Getting 8 molecules with distance 6
2022-11-11 13:36:23,227 - Get_prot - INFO - Saving Coarse-Grained molecules
2022-11-11 13:36:23,429 - Get_prot - INFO - Finished without errors.

2022-11-11 13:36:23,948 - Get_prot - INFO - Starting program
2022-11-11 13:36:23,948 - Get_prot - INFO - Link read from command line -> http://bioinfo.dcc.ufmg.br/propedia/public/pdb/structures/complex/1tk4_B_A.pdb
2022-11-11 13:36:23,948 - Get_prot - INFO - The script will get the 1tk4_B_A protein
2022-11-11 13:36:23,948 - Get_prot - INFO - Creating directories
2022-11-11 13:36:24,544 - Get_prot - INFO - Saving topology files
2022-11-11 13:36:24,561 - Get_prot - INFO - Creating moved molecules
2022-11-11 13:36:24,561 - Get_prot - INFO - Ids used ['A/99', 'B/2']
2022-11-11 13:36:24,561 - Get_prot - INFO - Getting 8 molecules with distance 6
2022-11-11 13:36:24,592 - Get_prot - INFO - Saving Coarse-Grained molecules
2022-11-11 13:36:24,751 - Get_prot - INFO - Finished without errors.

2022-11-11 13:36:25,326 - Get_prot - INFO - Starting program
2022-11-11 13:36:25,327 - Get_prot - INFO - Link read from command line -> http://bioinfo.dcc.ufmg.br/propedia/public/pdb/structures/complex/2gns_P_A.pdb
2022-11-11 13:36:25,327 - Get_prot - INFO - The script will get the 2gns_P_A protein
2022-11-11 13:36:25,327 - Get_prot - INFO - Creating directories
2022-11-11 13:36:25,885 - Get_prot - INFO - Saving topology files
2022-11-11 13:36:25,906 - Get_prot - INFO - Creating moved molecules
2022-11-11 13:36:25,906 - Get_prot - INFO - Ids used ['A/101', 'P/3']
2022-11-11 13:36:25,906 - Get_prot - INFO - Getting 8 molecules with distance 6
2022-11-11 13:36:25,947 - Get_prot - INFO - Saving Coarse-Grained molecules
2022-11-11 13:36:26,151 - Get_prot - INFO - Finished without errors.

2022-11-11 13:36:26,612 - Get_prot - INFO - Starting program
2022-11-11 13:36:26,612 - Get_prot - INFO - Link read from command line -> http://bioinfo.dcc.ufmg.br/propedia/public/pdb/structures/complex/3fg5_C_A.pdb
2022-11-11 13:36:26,613 - Get_prot - INFO - The script will get the 3fg5_C_A protein
2022-11-11 13:36:26,613 - Get_prot - INFO - Creating directories
2022-11-11 13:36:27,115 - Get_prot - INFO - Saving topology files
2022-11-11 13:36:27,130 - Get_prot - INFO - Creating moved molecules
2022-11-11 13:36:27,130 - Get_prot - INFO - Ids used ['A/101', 'C/4']
2022-11-11 13:36:27,130 - Get_prot - INFO - Getting 8 molecules with distance 6
2022-11-11 13:36:27,157 - Get_prot - INFO - Saving Coarse-Grained molecules
2022-11-11 13:36:27,284 - Get_prot - INFO - Finished without errors.

2022-11-11 13:36:27,772 - Get_prot - INFO - Starting program
2022-11-11 13:36:27,772 - Get_prot - INFO - Link read from command line -> http://bioinfo.dcc.ufmg.br/propedia/public/pdb/structures/complex/4fga_P_A.pdb
2022-11-11 13:36:27,773 - Get_prot - INFO - The script will get the 4fga_P_A protein
2022-11-11 13:36:27,773 - Get_prot - INFO - Creating directories
2022-11-11 13:36:28,247 - Get_prot - INFO - Saving topology files
2022-11-11 13:36:28,261 - Get_prot - INFO - Creating moved molecules
2022-11-11 13:36:28,261 - Get_prot - INFO - Ids used ['A/100', 'P/4']
2022-11-11 13:36:28,261 - Get_prot - INFO - Getting 8 molecules with distance 6
2022-11-11 13:36:28,288 - Get_prot - INFO - Saving Coarse-Grained molecules
2022-11-11 13:36:28,434 - Get_prot - INFO - Finished without errors.

2022-11-11 13:36:28,931 - Get_prot - INFO - Starting program
2022-11-11 13:36:28,931 - Get_prot - INFO - Link read from command line -> http://bioinfo.dcc.ufmg.br/propedia/public/pdb/structures/complex/4gld_B_A.pdb
2022-11-11 13:36:28,931 - Get_prot - INFO - The script will get the 4gld_B_A protein
2022-11-11 13:36:28,932 - Get_prot - INFO - Creating directories
2022-11-11 13:36:29,429 - Get_prot - INFO - Saving topology files
2022-11-11 13:36:29,444 - Get_prot - INFO - Creating moved molecules
2022-11-11 13:36:29,444 - Get_prot - INFO - Ids used ['A/100', 'B/4']
2022-11-11 13:36:29,444 - Get_prot - INFO - Getting 8 molecules with distance 6
2022-11-11 13:36:29,470 - Get_prot - INFO - Saving Coarse-Grained molecules
2022-11-11 13:36:29,645 - Get_prot - INFO - Finished without errors.

2022-11-11 13:36:39,560 - Get_prot - INFO - Starting program
2022-11-11 13:36:39,560 - Get_prot - INFO - Link read from command line -> http://bioinfo.dcc.ufmg.br/propedia/public/pdb/structures/complex/1skg_B_A.pdb
2022-11-11 13:36:39,560 - Get_prot - INFO - The script will get the 1skg_B_A protein
2022-11-11 13:36:39,561 - Get_prot - INFO - Creating directories
2022-11-11 13:36:40,088 - Get_prot - INFO - Saving topology files
2022-11-11 13:36:40,104 - Get_prot - INFO - Creating moved molecules
2022-11-11 13:36:40,104 - Get_prot - INFO - Ids used ['A/2045', 'B/4004']
2022-11-11 13:36:40,104 - Get_prot - INFO - Getting 8 molecules with distance 6
2022-11-11 13:36:40,133 - Get_prot - INFO - Saving Coarse-Grained molecules
2022-11-11 13:36:40,306 - Get_prot - INFO - Finished without errors.

2022-11-11 13:36:40,825 - Get_prot - INFO - Starting program
2022-11-11 13:36:40,825 - Get_prot - INFO - Link read from command line -> http://bioinfo.dcc.ufmg.br/propedia/public/pdb/structures/complex/1tg4_I_A.pdb
2022-11-11 13:36:40,825 - Get_prot - INFO - The script will get the 1tg4_I_A protein
2022-11-11 13:36:40,825 - Get_prot - INFO - Creating directories
2022-11-11 13:36:41,348 - Get_prot - INFO - Saving topology files
2022-11-11 13:36:41,362 - Get_prot - INFO - Creating moved molecules
2022-11-11 13:36:41,362 - Get_prot - INFO - Ids used ['A/99', 'I/3']
2022-11-11 13:36:41,362 - Get_prot - INFO - Getting 8 molecules with distance 6
2022-11-11 13:36:41,389 - Get_prot - INFO - Saving Coarse-Grained molecules
2022-11-11 13:36:41,521 - Get_prot - INFO - Finished without errors.

2022-11-11 13:36:42,017 - Get_prot - INFO - Starting program
2022-11-11 13:36:42,017 - Get_prot - INFO - Link read from command line -> http://bioinfo.dcc.ufmg.br/propedia/public/pdb/structures/complex/1tj9_B_A.pdb
2022-11-11 13:36:42,018 - Get_prot - INFO - The script will get the 1tj9_B_A protein
2022-11-11 13:36:42,018 - Get_prot - INFO - Creating directories
2022-11-11 13:36:42,497 - Get_prot - INFO - Saving topology files
2022-11-11 13:36:42,512 - Get_prot - INFO - Creating moved molecules
2022-11-11 13:36:42,512 - Get_prot - INFO - Ids used ['A/51', 'B/3']
2022-11-11 13:36:42,512 - Get_prot - INFO - Getting 8 molecules with distance 6
2022-11-11 13:36:42,540 - Get_prot - INFO - Saving Coarse-Grained molecules
2022-11-11 13:36:42,667 - Get_prot - INFO - Finished without errors.

2022-11-11 13:36:43,169 - Get_prot - INFO - Starting program
2022-11-11 13:36:43,169 - Get_prot - INFO - Link read from command line -> http://bioinfo.dcc.ufmg.br/propedia/public/pdb/structures/complex/1tjk_I_A.pdb
2022-11-11 13:36:43,169 - Get_prot - INFO - The script will get the 1tjk_I_A protein
2022-11-11 13:36:43,169 - Get_prot - INFO - Creating directories
2022-11-11 13:36:43,731 - Get_prot - INFO - Saving topology files
2022-11-11 13:36:43,746 - Get_prot - INFO - Creating moved molecules
2022-11-11 13:36:43,746 - Get_prot - INFO - Ids used ['A/102', 'I/3']
2022-11-11 13:36:43,746 - Get_prot - INFO - Getting 8 molecules with distance 6
2022-11-11 13:36:43,772 - Get_prot - INFO - Saving Coarse-Grained molecules
2022-11-11 13:36:43,948 - Get_prot - INFO - Finished without errors.

2022-11-11 13:36:44,461 - Get_prot - INFO - Starting program
2022-11-11 13:36:44,461 - Get_prot - INFO - Link read from command line -> http://bioinfo.dcc.ufmg.br/propedia/public/pdb/structures/complex/1tk4_B_A.pdb
2022-11-11 13:36:44,461 - Get_prot - INFO - The script will get the 1tk4_B_A protein
2022-11-11 13:36:44,461 - Get_prot - INFO - Creating directories
2022-11-11 13:36:44,998 - Get_prot - INFO - Saving topology files
2022-11-11 13:36:45,013 - Get_prot - INFO - Creating moved molecules
2022-11-11 13:36:45,013 - Get_prot - INFO - Ids used ['A/99', 'B/2']
2022-11-11 13:36:45,013 - Get_prot - INFO - Getting 8 molecules with distance 6
2022-11-11 13:36:45,040 - Get_prot - INFO - Saving Coarse-Grained molecules
2022-11-11 13:36:45,168 - Get_prot - INFO - Finished without errors.

2022-11-11 13:36:45,690 - Get_prot - INFO - Starting program
2022-11-11 13:36:45,690 - Get_prot - INFO - Link read from command line -> http://bioinfo.dcc.ufmg.br/propedia/public/pdb/structures/complex/2gns_P_A.pdb
2022-11-11 13:36:45,690 - Get_prot - INFO - The script will get the 2gns_P_A protein
2022-11-11 13:36:45,690 - Get_prot - INFO - Creating directories
2022-11-11 13:36:46,276 - Get_prot - INFO - Saving topology files
2022-11-11 13:36:46,290 - Get_prot - INFO - Creating moved molecules
2022-11-11 13:36:46,291 - Get_prot - INFO - Ids used ['A/101', 'P/3']
2022-11-11 13:36:46,291 - Get_prot - INFO - Getting 8 molecules with distance 6
2022-11-11 13:36:46,317 - Get_prot - INFO - Saving Coarse-Grained molecules
2022-11-11 13:36:46,505 - Get_prot - INFO - Finished without errors.

2022-11-11 13:36:47,022 - Get_prot - INFO - Starting program
2022-11-11 13:36:47,023 - Get_prot - INFO - Link read from command line -> http://bioinfo.dcc.ufmg.br/propedia/public/pdb/structures/complex/3fg5_C_A.pdb
2022-11-11 13:36:47,023 - Get_prot - INFO - The script will get the 3fg5_C_A protein
2022-11-11 13:36:47,023 - Get_prot - INFO - Creating directories
2022-11-11 13:36:47,543 - Get_prot - INFO - Saving topology files
2022-11-11 13:36:47,558 - Get_prot - INFO - Creating moved molecules
2022-11-11 13:36:47,558 - Get_prot - INFO - Ids used ['A/101', 'C/4']
2022-11-11 13:36:47,558 - Get_prot - INFO - Getting 8 molecules with distance 6
2022-11-11 13:36:47,585 - Get_prot - INFO - Saving Coarse-Grained molecules
2022-11-11 13:36:47,719 - Get_prot - INFO - Finished without errors.

2022-11-11 13:36:48,222 - Get_prot - INFO - Starting program
2022-11-11 13:36:48,222 - Get_prot - INFO - Link read from command line -> http://bioinfo.dcc.ufmg.br/propedia/public/pdb/structures/complex/4fga_P_A.pdb
2022-11-11 13:36:48,222 - Get_prot - INFO - The script will get the 4fga_P_A protein
2022-11-11 13:36:48,222 - Get_prot - INFO - Creating directories
2022-11-11 13:36:48,716 - Get_prot - INFO - Saving topology files
2022-11-11 13:36:48,730 - Get_prot - INFO - Creating moved molecules
2022-11-11 13:36:48,730 - Get_prot - INFO - Ids used ['A/100', 'P/4']
2022-11-11 13:36:48,730 - Get_prot - INFO - Getting 8 molecules with distance 6
2022-11-11 13:36:48,757 - Get_prot - INFO - Saving Coarse-Grained molecules
2022-11-11 13:36:48,885 - Get_prot - INFO - Finished without errors.

2022-11-11 13:36:49,422 - Get_prot - INFO - Starting program
2022-11-11 13:36:49,422 - Get_prot - INFO - Link read from command line -> http://bioinfo.dcc.ufmg.br/propedia/public/pdb/structures/complex/4gld_B_A.pdb
2022-11-11 13:36:49,422 - Get_prot - INFO - The script will get the 4gld_B_A protein
2022-11-11 13:36:49,422 - Get_prot - INFO - Creating directories
2022-11-11 13:36:49,428 - Get_prot - INFO - Downloading Molecule 4gld_B_A
2022-11-11 13:36:51,090 - Get_prot - INFO - Saving topology files
2022-11-11 13:36:51,105 - Get_prot - INFO - Creating moved molecules
2022-11-11 13:36:51,105 - Get_prot - INFO - Ids used ['A/100', 'B/4']
2022-11-11 13:36:51,105 - Get_prot - INFO - Getting 8 molecules with distance 6
2022-11-11 13:36:51,132 - Get_prot - INFO - Saving Coarse-Grained molecules
2022-11-11 13:36:51,284 - Get_prot - INFO - Finished without errors.

